<?xml version="1.0" encoding="UTF-8"?>
<testng-results ignored="0" total="3" passed="3" failed="0" skipped="0">
  <reporter-output>
  </reporter-output>
  <suite started-at="2025-05-21T10:42:37Z" name="Suite" finished-at="2025-05-21T10:42:37Z" duration-ms="47">
    <groups>
    </groups>
    <test started-at="2025-05-21T10:42:37Z" name="Test" finished-at="2025-05-21T10:42:37Z" duration-ms="47">
      <class name="sample.Test3">
        <test-method signature="print3()[pri:1, instance:sample.Test3@37f1104d]" started-at="2025-05-21T10:42:37Z" name="print3" finished-at="2025-05-21T10:42:37Z" duration-ms="1" status="PASS">
          <reporter-output>
          </reporter-output>
        </test-method> <!-- print3 -->
      </class> <!-- sample.Test3 -->
      <class name="sample.Test2">
        <test-method signature="print2()[pri:1, instance:sample.Test2@740773a3]" started-at="2025-05-21T10:42:37Z" name="print2" finished-at="2025-05-21T10:42:37Z" duration-ms="1" status="PASS">
          <reporter-output>
          </reporter-output>
        </test-method> <!-- print2 -->
      </class> <!-- sample.Test2 -->
      <class name="sample.Test1">
        <test-method signature="print1()[pri:1, instance:sample.Test1@7748410a]" started-at="2025-05-21T10:42:37Z" name="print1" finished-at="2025-05-21T10:42:37Z" duration-ms="11" status="PASS">
          <reporter-output>
          </reporter-output>
        </test-method> <!-- print1 -->
      </class> <!-- sample.Test1 -->
    </test> <!-- Test -->
  </suite> <!-- Suite -->
</testng-results>
